Found path: /home/babo/src/abl/deep-reinforcement-learning/p3_collab-compet/Tennis_Linux/Tennis.x86_64
Mono path[0] = '/home/babo/src/abl/deep-reinforcement-learning/p3_collab-compet/Tennis_Linux/Tennis_Data/Managed'
Mono config path = '/home/babo/src/abl/deep-reinforcement-learning/p3_collab-compet/Tennis_Linux/Tennis_Data/MonoBleedingEdge/etc'
Preloaded 'ScreenSelector.so'
Preloaded 'libgrpc_csharp_ext.x64.so'
Unable to preload the following plugins:
	ScreenSelector.so
	libgrpc_csharp_ext.x86.so
Logging to /home/babo/.config/unity3d/Unity Technologies/Unity Environment/Player.log
Found path: /home/babo/src/abl/deep-reinforcement-learning/p3_collab-compet/Tennis_Linux/Tennis.x86_64
Mono path[0] = '/home/babo/src/abl/deep-reinforcement-learning/p3_collab-compet/Tennis_Linux/Tennis_Data/Managed'
Mono config path = '/home/babo/src/abl/deep-reinforcement-learning/p3_collab-compet/Tennis_Linux/Tennis_Data/MonoBleedingEdge/etc'
Preloaded 'ScreenSelector.so'
Preloaded 'libgrpc_csharp_ext.x64.so'
Unable to preload the following plugins:
	ScreenSelector.so
	libgrpc_csharp_ext.x86.so
Logging to /home/babo/.config/unity3d/Unity Technologies/Unity Environment/Player.log
Scored: 2.60 2.60
Scored: 2.60 2.70
Scored: 2.60 2.60
Scored: 2.70 2.60
Scored: 2.60 2.70
Scored: 2.60 2.60
Scored: 2.70 2.60
Scored: 1.69 1.80
Scored: 2.60 2.60
Scored: 2.70 2.60
Scored: 2.60 2.70
Scored: 2.60 2.60
Scored: 2.70 2.60
Scored: 2.60 2.70
Scored: 2.70 2.60
Scored: 2.60 2.60
Scored: 2.60 2.70
Scored: 2.70 2.60
Scored: 2.60 2.70
Scored: 2.60 2.60
Scored: 2.70 2.60
Scored: 2.60 2.70
Scored: 2.60 2.60
Scored: 0.80 0.69
Scored: 2.60 2.60
Scored: 2.60 2.70
Scored: 2.60 2.60
Scored: 2.70 2.60
Scored: 1.10 1.09
Scored: 1.30 1.19
Scored: 2.60 2.60
Scored: 2.60 2.70
Scored: 2.60 2.60
Scored: 2.20 2.09
Scored: 2.60 2.60
Scored: 2.70 2.60
Scored: 1.70 1.69
Scored: 2.60 2.60
Scored: 2.29 2.30
Scored: 0.50 0.39
Scored: 2.19 2.30
Scored: 0.99 1.10
Scored: 2.60 2.60
Scored: 2.60 2.70
Scored: 2.70 2.60
Scored: 2.60 2.60
Scored: 2.60 2.70
Scored: 2.70 2.60
Scored: 2.60 2.60
Scored: 2.60 2.70
Scored: 0.29 0.30
Scored: 2.60 2.60
Scored: 0.90 0.79
Scored: 2.60 2.60
Scored: 2.60 2.70
Scored: 2.60 2.60
Scored: 2.70 2.60
Scored: 2.60 2.70
Scored: 2.70 2.60
Scored: 2.60 2.60
Scored: 1.10 1.09
Scored: 2.09 2.10
Scored: 2.60 2.60
Scored: 2.70 2.60
Scored: 2.60 2.70
Scored: 2.60 2.60
Scored: 2.70 2.60
Scored: 2.60 2.70
Scored: 2.60 2.60
Scored: 2.70 2.60
Scored: 2.60 2.70
Scored: 2.70 2.60
Scored: 2.60 2.60
Scored: 2.60 2.70
Scored: 0.09 0.10
Scored: 1.39 1.50
Scored: 2.60 2.60
Scored: 0.60 0.49
Scored: 2.60 2.60
Scored: 2.60 2.70
Scored: 2.70 2.60
Scored: 2.60 2.60
Scored: 2.60 2.70
Scored: 2.70 2.60
Scored: 2.60 2.60
Scored: 2.60 2.70
Scored: 2.70 2.60
Scored: 2.60 2.60
Scored: 2.29 2.40
Scored: 2.60 2.60
Scored: 2.70 2.60
Scored: 2.60 2.70
Scored: 2.60 2.60
Scored: 2.70 2.60
Scored: 1.19 1.30
Scored: 2.00 1.89
Scored: 1.09 1.20
Scored: 2.60 2.60
Scored: 2.60 2.70
Scored: 2.70 2.60
Mean score 2.39 over 100
