Found path: /home/babo/src/abl/deep-reinforcement-learning/p3_collab-compet/Tennis_Linux/Tennis.x86_64
Mono path[0] = '/home/babo/src/abl/deep-reinforcement-learning/p3_collab-compet/Tennis_Linux/Tennis_Data/Managed'
Mono config path = '/home/babo/src/abl/deep-reinforcement-learning/p3_collab-compet/Tennis_Linux/Tennis_Data/MonoBleedingEdge/etc'
Preloaded 'ScreenSelector.so'
Preloaded 'libgrpc_csharp_ext.x64.so'
Unable to preload the following plugins:
        ScreenSelector.so
        libgrpc_csharp_ext.x86.so
Logging to /home/babo/.config/unity3d/Unity Technologies/Unity Environment/Player.log
INFO:unityagents:
'Academy' started successfully!
Unity Academy name: Academy
        Number of Brains: 1
        Number of External Brains : 1
        Lesson number : 0
        Reset Parameters :

Unity brain name: TennisBrain
        Number of Visual Observations (per agent): 0
        Vector Observation space type: continuous
        Vector Observation space size (per agent): 8
        Number of stacked Vector Observation: 3
        Vector Action space type: continuous
        Vector Action space size (per agent): 2
        Vector Action descriptions: , 
Scored: 2.19 2.30
Scored: -0.01 0.10
Scored: 0.00 -0.01
Scored: 2.60 2.60
Scored: 1.00 0.99
Scored: 2.60 2.60
Scored: 0.00 -0.01
Scored: 2.60 2.60
Scored: 2.60 2.70
Scored: 2.60 2.60
Scored: 2.70 2.60
Scored: 2.60 2.60
Scored: 2.60 2.70
Scored: 2.60 2.60
Scored: 2.70 2.60
Scored: 2.60 2.60
Scored: 2.60 2.70
Scored: 2.60 2.60
Scored: 2.70 2.60
Scored: 2.60 2.60
Scored: 2.60 2.70
Scored: 0.30 0.19
Scored: 2.60 2.60
Scored: 2.60 2.70
Scored: 0.49 0.50
Scored: 2.60 2.60
Scored: 2.70 2.60
Scored: 2.60 2.60
Scored: 2.60 2.70
Scored: 2.60 2.60
Scored: 2.70 2.60
Scored: 2.60 2.60
Scored: 2.60 2.70
Scored: 2.60 2.60
Scored: 0.10 -0.01
Scored: 1.19 1.30
Scored: 0.10 0.09
Scored: 0.40 0.39
Scored: 2.60 2.60
Scored: 2.60 2.70
Scored: 2.60 2.60
Scored: 1.99 2.00
Scored: 2.60 2.60
Scored: 1.20 1.19
Scored: -0.01 0.00
Scored: 1.69 1.70
Scored: 0.00 -0.01
Scored: 0.40 0.39
Scored: 2.60 2.60
Scored: 2.70 2.60
Scored: 2.60 2.60
Scored: 0.10 0.09
Scored: 2.60 2.60
Scored: 2.60 2.70
Scored: 2.60 2.60
Scored: 2.70 2.60
Scored: 2.60 2.60
Scored: 0.10 0.09
Scored: 0.10 -0.01
Scored: 1.30 1.19
Scored: 2.60 2.60
Scored: 2.60 2.60
Scored: 2.60 2.60
Scored: 2.70 2.60
Scored: 2.60 2.60
Scored: 2.60 2.70
Scored: 2.60 2.60
Scored: 2.70 2.60
Scored: 2.60 2.60
Scored: 2.60 2.70
Scored: 2.60 2.60
Scored: 2.70 2.60
Scored: 2.60 2.60
Scored: 2.60 2.70
Scored: 2.60 2.60
Scored: 2.70 2.60
Scored: 2.40 2.39
Scored: 2.60 2.60
Scored: 2.60 2.60
Scored: 2.60 2.70
Scored: 2.70 2.60
Scored: 2.60 2.60
Scored: 2.60 2.70
Scored: 2.60 2.60
Scored: 2.70 2.60
Scored: 2.60 2.60
Scored: 2.60 2.70
Scored: 2.60 2.60
Scored: 0.10 -0.01
Scored: 1.29 1.40
Scored: 2.60 2.60
Scored: 0.10 -0.01
Scored: 2.60 2.60
Scored: 0.10 -0.01
Scored: -0.01 0.00
Scored: 2.60 2.60
Scored: 2.70 2.60
Scored: 2.60 2.60
Scored: 2.60 2.70
Scored: 0.20 0.09
Mean score 2.08 over 100